#
# There is insufficient memory for the Java Runtime Environment to continue.
# Native memory allocation (malloc) failed to allocate 75616 bytes for Chunk::new
# Possible reasons:
#   The system is out of physical RAM or swap space
#   In 32 bit mode, the process size limit was hit
# Possible solutions:
#   Reduce memory load on the system
#   Increase physical memory or swap space
#   Check if swap backing store is full
#   Use 64 bit Java on a 64 bit OS
#   Decrease Java heap size (-Xmx/-Xms)
#   Decrease number of Java threads
#   Decrease Java thread stack sizes (-Xss)
#   Set larger code cache with -XX:ReservedCodeCacheSize=
# This output file may be truncated or incomplete.
#
#  Out of Memory Error (allocation.cpp:390), pid=228, tid=0x0000000000000efc
#
# JRE version: Java(TM) SE Runtime Environment (8.0_151-b12) (build 1.8.0_151-b12)
# Java VM: Java HotSpot(TM) 64-Bit Server VM (25.151-b12 mixed mode windows-amd64 compressed oops)
# Failed to write core dump. Minidumps are not enabled by default on client versions of Windows
#

---------------  T H R E A D  ---------------

Current thread (0x0000000018fb2000):  JavaThread "C2 CompilerThread1" daemon [_thread_in_native, id=3836, stack(0x000000001a6f0000,0x000000001a7f0000)]

Stack: [0x000000001a6f0000,0x000000001a7f0000]
[error occurred during error reporting (printing stack bounds), id 0xc0000005]

Native frames: (J=compiled Java code, j=interpreted, Vv=VM code, C=native code)


Current CompileTask:
C2:   3028  832       4       jdk.internal.org.objectweb.asm.ClassWriter::newUTF8 (70 bytes)


---------------  P R O C E S S  ---------------

Java Threads: ( => current thread )
  0x000000001b19c800 JavaThread "Thread-3" daemon [_thread_in_native, id=3176, stack(0x00000000203b0000,0x00000000204b0000)]
  0x000000001b148800 JavaThread "JavaFX-Launcher" [_thread_blocked, id=14232, stack(0x00000000204b0000,0x00000000205b0000)]
  0x000000001b12e800 JavaThread "JavaFX Application Thread" [_thread_in_Java, id=6444, stack(0x000000001bd20000,0x000000001be20000)]
  0x000000001b12d000 JavaThread "Thread-1" daemon [_thread_blocked, id=11288, stack(0x000000001bc20000,0x000000001bd20000)]
  0x000000001acde800 JavaThread "QuantumRenderer-0" daemon [_thread_blocked, id=9176, stack(0x000000001b920000,0x000000001ba20000)]
  0x000000001a918800 JavaThread "Service Thread" daemon [_thread_blocked, id=7988, stack(0x000000001acf0000,0x000000001adf0000)]
  0x0000000018fbc800 JavaThread "C1 CompilerThread2" daemon [_thread_in_native, id=9228, stack(0x000000001a7f0000,0x000000001a8f0000)]
=>0x0000000018fb2000 JavaThread "C2 CompilerThread1" daemon [_thread_in_native, id=3836, stack(0x000000001a6f0000,0x000000001a7f0000)]
  0x0000000018fae800 JavaThread "C2 CompilerThread0" daemon [_thread_in_native, id=11312, stack(0x000000001a5f0000,0x000000001a6f0000)]
  0x0000000018fab000 JavaThread "Attach Listener" daemon [_thread_blocked, id=1528, stack(0x000000001a4f0000,0x000000001a5f0000)]
  0x0000000018faa000 JavaThread "Signal Dispatcher" daemon [_thread_blocked, id=14304, stack(0x000000001a3f0000,0x000000001a4f0000)]
  0x000000000443a800 JavaThread "Finalizer" daemon [_thread_blocked, id=13968, stack(0x000000001a200000,0x000000001a300000)]
  0x0000000018f79000 JavaThread "Reference Handler" daemon [_thread_blocked, id=15080, stack(0x000000001a100000,0x000000001a200000)]
  0x0000000004340800 JavaThread "main" [_thread_blocked, id=10032, stack(0x00000000041f0000,0x00000000042f0000)]

Other Threads:
  0x0000000018f77800 VMThread [stack: 0x000000001a000000,0x000000001a100000] [id=8532]
  0x000000001a91a800 WatcherThread [stack: 0x000000001adf0000,0x000000001aef0000] [id=10288]

VM state:not at safepoint (normal execution)

VM Mutex/Monitor currently owned by a thread: None

Heap:
 PSYoungGen      total 38400K, used 25911K [0x00000000d5c00000, 0x00000000d8680000, 0x0000000100000000)
  eden space 33280K, 77% used [0x00000000d5c00000,0x00000000d754de88,0x00000000d7c80000)
  from space 5120K, 0% used [0x00000000d8180000,0x00000000d8180000,0x00000000d8680000)
  to   space 5120K, 0% used [0x00000000d7c80000,0x00000000d7c80000,0x00000000d8180000)
 ParOldGen       total 87552K, used 0K [0x0000000081400000, 0x0000000086980000, 0x00000000d5c00000)
  object space 87552K, 0% used [0x0000000081400000,0x0000000081400000,0x0000000086980000)
 Metaspace       used 13168K, capacity 13596K, committed 13824K, reserved 1060864K
  class space    used 1832K, capacity 1961K, committed 2048K, reserved 1048576K

Card table byte_map: [0x0000000013800000,0x0000000013c00000] byte_map_base: 0x00000000133f6000

Marking Bits: (ParMarkBitMap*) 0x000000005ad1d850
 Begin Bits: [0x00000000142b0000, 0x0000000016260000)
 End Bits:   [0x0000000016260000, 0x0000000018210000)

Polling page: 0x00000000001b0000

CodeCache: size=245760Kb used=3207Kb max_used=3218Kb free=242552Kb
 bounds [0x0000000004440000, 0x0000000004770000, 0x0000000013440000]
 total_blobs=1408 nmethods=854 adapters=467
 compilation: enabled

Compilation events (10 events):
Event: 3.017 Thread 0x0000000018fbc800  850       3       com.sun.javafx.css.parser.CSSLexer$$Lambda$128/621583646::recognize (5 bytes)
Event: 3.018 Thread 0x0000000018fbc800 nmethod 850 0x0000000004760210 code [0x0000000004760380, 0x00000000047605d0]
Event: 3.018 Thread 0x0000000018fbc800  851       3       com.sun.javafx.css.parser.CSSLexer::lambda$new$237 (18 bytes)
Event: 3.018 Thread 0x0000000018fbc800 nmethod 851 0x000000000475fe50 code [0x000000000475ffa0, 0x0000000004760170]
Event: 3.018 Thread 0x0000000018fbc800  852   !   3       java.io.BufferedReader::read (104 bytes)
Event: 3.019 Thread 0x0000000018fae800  854       4       java.util.ArrayList::<init> (12 bytes)
Event: 3.020 Thread 0x0000000018fbc800 nmethod 852 0x0000000004763950 code [0x0000000004763b00, 0x00000000047641b8]
Event: 3.020 Thread 0x0000000018fbc800  857   !   3       com.sun.javafx.css.parser.CSSLexer::getToken (1341 bytes)
Event: 3.020 Thread 0x0000000018fae800 nmethod 854 0x000000000475fc50 code [0x000000000475fd80, 0x000000000475fdf8]
Event: 3.020 Thread 0x0000000018fae800  856       4       java.lang.String::startsWith (7 bytes)

GC Heap History (0 events):
No events

Deoptimization events (4 events):
Event: 1.333 Thread 0x000000001b12e800 Uncommon trap: reason=unstable_if action=reinterpret pc=0x00000000045fc48c method=java.lang.String.replace(CC)Ljava/lang/String; @ 26
Event: 1.708 Thread 0x000000001b12e800 Uncommon trap: reason=unstable_if action=reinterpret pc=0x0000000004629514 method=java.lang.String.indexOf([CII[CIII)I @ 134
Event: 2.143 Thread 0x000000001b12e800 Uncommon trap: reason=unstable_if action=reinterpret pc=0x00000000046a44d8 method=java.util.HashMap.getNode(ILjava/lang/Object;)Ljava/util/HashMap$Node; @ 84
Event: 2.143 Thread 0x000000001b12e800 Uncommon trap: reason=unstable_if action=reinterpret pc=0x0000000004699350 method=java.util.HashMap.getNode(ILjava/lang/Object;)Ljava/util/HashMap$Node; @ 84

Internal exceptions (10 events):
Event: 0.698 Thread 0x0000000004340800 Exception <a 'java/security/PrivilegedActionException'> (0x00000000d5ecee38) thrown at [C:\re\workspace\8-2-build-windows-amd64-cygwin\jdk8u151\9699\hotspot\src\share\vm\prims\jvm.cpp, line 1390]
Event: 0.698 Thread 0x0000000004340800 Exception <a 'java/security/PrivilegedActionException'> (0x00000000d5ecf048) thrown at [C:\re\workspace\8-2-build-windows-amd64-cygwin\jdk8u151\9699\hotspot\src\share\vm\prims\jvm.cpp, line 1390]
Event: 0.699 Thread 0x0000000004340800 Exception <a 'java/lang/NullPointerException'> (0x00000000d5ecf790) thrown at [C:\re\workspace\8-2-build-windows-amd64-cygwin\jdk8u151\9699\hotspot\src\share\vm\interpreter\linkResolver.cpp, line 1183]
Event: 1.569 Thread 0x000000001b12e800 Exception <a 'java/lang/NullPointerException'> (0x00000000d6984c58) thrown at [C:\re\workspace\8-2-build-windows-amd64-cygwin\jdk8u151\9699\hotspot\src\share\vm\interpreter\linkResolver.cpp, line 1183]
Event: 1.569 Thread 0x000000001b12e800 Exception <a 'java/lang/NullPointerException'> (0x00000000d6984c58) thrown at [C:\re\workspace\8-2-build-windows-amd64-cygwin\jdk8u151\9699\hotspot\src\share\vm\prims\jvm.cpp, line 1394]
Event: 1.724 Thread 0x000000001b12e800 Exception <a 'java/lang/ArrayIndexOutOfBoundsException': 58> (0x00000000d6afd550) thrown at [C:\re\workspace\8-2-build-windows-amd64-cygwin\jdk8u151\9699\hotspot\src\share\vm\interpreter\interpreterRuntime.cpp, line 366]
Event: 1.726 Thread 0x000000001b12e800 Exception <a 'java/lang/ArrayIndexOutOfBoundsException': 18> (0x00000000d6afe3d8) thrown at [C:\re\workspace\8-2-build-windows-amd64-cygwin\jdk8u151\9699\hotspot\src\share\vm\interpreter\interpreterRuntime.cpp, line 366]
Event: 1.727 Thread 0x000000001b12e800 Exception <a 'java/lang/ArrayIndexOutOfBoundsException': 86> (0x00000000d6aff780) thrown at [C:\re\workspace\8-2-build-windows-amd64-cygwin\jdk8u151\9699\hotspot\src\share\vm\interpreter\interpreterRuntime.cpp, line 366]
Event: 2.302 Thread 0x000000001b12e800 Exception <a 'java/lang/ArrayIndexOutOfBoundsException'> (0x00000000d6fe8a68) thrown at [C:\re\workspace\8-2-build-windows-amd64-cygwin\jdk8u151\9699\hotspot\src\share\vm\runtime\sharedRuntime.cpp, line 605]
Event: 3.007 Thread 0x000000001b12e800 Exception <a 'java/io/FileNotFoundException'> (0x00000000d74fb308) thrown at [C:\re\workspace\8-2-build-windows-amd64-cygwin\jdk8u151\9699\hotspot\src\share\vm\prims\jni.cpp, line 709]

Events (10 events):
Event: 2.983 loading class com/sun/javafx/tk/quantum/GlassWindowEventHandler
Event: 2.983 loading class com/sun/javafx/tk/quantum/GlassWindowEventHandler done
Event: 3.002 loading class javafx/scene/Node$20
Event: 3.002 loading class javafx/scene/Node$20 done
Event: 3.011 loading class javafx/scene/paint/CycleMethod
Event: 3.011 loading class javafx/scene/paint/CycleMethod done
Event: 3.013 loading class com/sun/javafx/css/parser/StopConverter$Holder
Event: 3.013 loading class com/sun/javafx/css/parser/StopConverter$Holder done
Event: 3.015 loading class javafx/scene/effect/BlurType
Event: 3.015 loading class javafx/scene/effect/BlurType done


Dynamic libraries:
0x00007ff60a100000 - 0x00007ff60a137000 	C:\Program Files\Java\jre1.8.0_151\bin\javaw.exe
0x00007ffb136b0000 - 0x00007ffb13890000 	C:\WINDOWS\SYSTEM32\ntdll.dll
0x00007ffb112c0000 - 0x00007ffb1136e000 	C:\WINDOWS\System32\KERNEL32.DLL
0x00007ffb0fe90000 - 0x00007ffb100f6000 	C:\WINDOWS\System32\KERNELBASE.dll
0x00007ffb12b10000 - 0x00007ffb12bb1000 	C:\WINDOWS\System32\ADVAPI32.dll
0x00007ffb12e80000 - 0x00007ffb12f1d000 	C:\WINDOWS\System32\msvcrt.dll
0x00007ffb130d0000 - 0x00007ffb1312b000 	C:\WINDOWS\System32\sechost.dll
0x00007ffb12bc0000 - 0x00007ffb12cdf000 	C:\WINDOWS\System32\RPCRT4.dll
0x00007ffb10f00000 - 0x00007ffb1108e000 	C:\WINDOWS\System32\USER32.dll
0x00007ffb0fe70000 - 0x00007ffb0fe90000 	C:\WINDOWS\System32\win32u.dll
0x00007ffb11370000 - 0x00007ffb11398000 	C:\WINDOWS\System32\GDI32.dll
0x00007ffb0fcd0000 - 0x00007ffb0fe61000 	C:\WINDOWS\System32\gdi32full.dll
0x00007ffb10ae0000 - 0x00007ffb10b7b000 	C:\WINDOWS\System32\msvcp_win.dll
0x00007ffb109e0000 - 0x00007ffb10ad6000 	C:\WINDOWS\System32\ucrtbase.dll
0x00007ffb0ba30000 - 0x00007ffb0bc99000 	C:\WINDOWS\WinSxS\amd64_microsoft.windows.common-controls_6595b64144ccf1df_6.0.16299.15_none_cc92fb402215d91d\COMCTL32.dll
0x00007ffb10b80000 - 0x00007ffb10e88000 	C:\WINDOWS\System32\combase.dll
0x00007ffb10850000 - 0x00007ffb108c2000 	C:\WINDOWS\System32\bcryptPrimitives.dll
0x00007ffb12ff0000 - 0x00007ffb1301d000 	C:\WINDOWS\System32\IMM32.DLL
0x0000000059ca0000 - 0x0000000059d72000 	C:\Program Files\Java\jre1.8.0_151\bin\msvcr100.dll
0x000000005a500000 - 0x000000005ad9d000 	C:\Program Files\Java\jre1.8.0_151\bin\server\jvm.dll
0x00007ffb130c0000 - 0x00007ffb130c8000 	C:\WINDOWS\System32\PSAPI.DLL
0x00007ffb0c170000 - 0x00007ffb0c193000 	C:\WINDOWS\SYSTEM32\WINMM.dll
0x00007ffaff910000 - 0x00007ffaff919000 	C:\WINDOWS\SYSTEM32\WSOCK32.dll
0x00007ffb0c100000 - 0x00007ffb0c10a000 	C:\WINDOWS\SYSTEM32\VERSION.dll
0x00007ffb13040000 - 0x00007ffb130ac000 	C:\WINDOWS\System32\WS2_32.dll
0x00007ffb0c130000 - 0x00007ffb0c15a000 	C:\WINDOWS\SYSTEM32\winmmbase.dll
0x00007ffb0fab0000 - 0x00007ffb0fafa000 	C:\WINDOWS\System32\cfgmgr32.dll
0x000000005a4f0000 - 0x000000005a4ff000 	C:\Program Files\Java\jre1.8.0_151\bin\verify.dll
0x000000005a4c0000 - 0x000000005a4e9000 	C:\Program Files\Java\jre1.8.0_151\bin\java.dll
0x000000005a4a0000 - 0x000000005a4b6000 	C:\Program Files\Java\jre1.8.0_151\bin\zip.dll
0x00007ffb11510000 - 0x00007ffb12947000 	C:\WINDOWS\System32\SHELL32.dll
0x00007ffb12950000 - 0x00007ffb129f6000 	C:\WINDOWS\System32\shcore.dll
0x00007ffb10100000 - 0x00007ffb10847000 	C:\WINDOWS\System32\windows.storage.dll
0x00007ffb10ea0000 - 0x00007ffb10ef1000 	C:\WINDOWS\System32\shlwapi.dll
0x00007ffb0fa70000 - 0x00007ffb0fa81000 	C:\WINDOWS\System32\kernel.appcore.dll
0x00007ffb0fa00000 - 0x00007ffb0fa4c000 	C:\WINDOWS\System32\powrprof.dll
0x00007ffb0fa50000 - 0x00007ffb0fa6b000 	C:\WINDOWS\System32\profapi.dll
0x0000000002630000 - 0x0000000002633000 	C:\Program Files\Java\jre1.8.0_151\bin\api-ms-win-core-console-l1-1-0.dll
0x00000000042f0000 - 0x00000000042f3000 	C:\Program Files\Java\jre1.8.0_151\bin\api-ms-win-core-datetime-l1-1-0.dll
0x0000000004300000 - 0x0000000004303000 	C:\Program Files\Java\jre1.8.0_151\bin\api-ms-win-core-debug-l1-1-0.dll
0x0000000004310000 - 0x0000000004313000 	C:\Program Files\Java\jre1.8.0_151\bin\api-ms-win-core-errorhandling-l1-1-0.dll
0x0000000004320000 - 0x0000000004324000 	C:\Program Files\Java\jre1.8.0_151\bin\api-ms-win-core-file-l1-1-0.dll
0x000000001aef0000 - 0x000000001aef3000 	C:\Program Files\Java\jre1.8.0_151\bin\api-ms-win-core-file-l1-2-0.dll
0x000000001af00000 - 0x000000001af03000 	C:\Program Files\Java\jre1.8.0_151\bin\api-ms-win-core-file-l2-1-0.dll
0x000000001af10000 - 0x000000001af13000 	C:\Program Files\Java\jre1.8.0_151\bin\api-ms-win-core-handle-l1-1-0.dll
0x000000001af20000 - 0x000000001af23000 	C:\Program Files\Java\jre1.8.0_151\bin\api-ms-win-core-heap-l1-1-0.dll
0x000000001af30000 - 0x000000001af33000 	C:\Program Files\Java\jre1.8.0_151\bin\api-ms-win-core-interlocked-l1-1-0.dll
0x000000001af40000 - 0x000000001af43000 	C:\Program Files\Java\jre1.8.0_151\bin\api-ms-win-core-libraryloader-l1-1-0.dll
0x000000001af50000 - 0x000000001af53000 	C:\Program Files\Java\jre1.8.0_151\bin\api-ms-win-core-localization-l1-2-0.dll
0x000000001af60000 - 0x000000001af63000 	C:\Program Files\Java\jre1.8.0_151\bin\api-ms-win-core-memory-l1-1-0.dll
0x000000001af70000 - 0x000000001af73000 	C:\Program Files\Java\jre1.8.0_151\bin\api-ms-win-core-namedpipe-l1-1-0.dll
0x000000001af80000 - 0x000000001af83000 	C:\Program Files\Java\jre1.8.0_151\bin\api-ms-win-core-processenvironment-l1-1-0.dll
0x000000001af90000 - 0x000000001af93000 	C:\Program Files\Java\jre1.8.0_151\bin\api-ms-win-core-processthreads-l1-1-0.dll
0x000000001afa0000 - 0x000000001afa3000 	C:\Program Files\Java\jre1.8.0_151\bin\api-ms-win-core-processthreads-l1-1-1.dll
0x000000001afb0000 - 0x000000001afb3000 	C:\Program Files\Java\jre1.8.0_151\bin\api-ms-win-core-profile-l1-1-0.dll
0x000000001afc0000 - 0x000000001afc3000 	C:\Program Files\Java\jre1.8.0_151\bin\api-ms-win-core-rtlsupport-l1-1-0.dll
0x000000001afd0000 - 0x000000001afd3000 	C:\Program Files\Java\jre1.8.0_151\bin\api-ms-win-core-string-l1-1-0.dll
0x000000001afe0000 - 0x000000001afe3000 	C:\Program Files\Java\jre1.8.0_151\bin\api-ms-win-core-synch-l1-1-0.dll
0x000000001aff0000 - 0x000000001aff3000 	C:\Program Files\Java\jre1.8.0_151\bin\api-ms-win-core-synch-l1-2-0.dll
0x000000001b000000 - 0x000000001b003000 	C:\Program Files\Java\jre1.8.0_151\bin\api-ms-win-core-sysinfo-l1-1-0.dll
0x000000001b010000 - 0x000000001b013000 	C:\Program Files\Java\jre1.8.0_151\bin\api-ms-win-core-timezone-l1-1-0.dll
0x000000001b020000 - 0x000000001b023000 	C:\Program Files\Java\jre1.8.0_151\bin\api-ms-win-core-util-l1-1-0.dll
0x000000001b030000 - 0x000000001b033000 	C:\Program Files\Java\jre1.8.0_151\bin\api-ms-win-crt-conio-l1-1-0.dll
0x000000001b040000 - 0x000000001b044000 	C:\Program Files\Java\jre1.8.0_151\bin\api-ms-win-crt-convert-l1-1-0.dll
0x000000001b050000 - 0x000000001b053000 	C:\Program Files\Java\jre1.8.0_151\bin\api-ms-win-crt-environment-l1-1-0.dll
0x000000001b060000 - 0x000000001b063000 	C:\Program Files\Java\jre1.8.0_151\bin\api-ms-win-crt-filesystem-l1-1-0.dll
0x000000001b070000 - 0x000000001b073000 	C:\Program Files\Java\jre1.8.0_151\bin\api-ms-win-crt-heap-l1-1-0.dll
0x000000001b080000 - 0x000000001b083000 	C:\Program Files\Java\jre1.8.0_151\bin\api-ms-win-crt-locale-l1-1-0.dll
0x000000001b090000 - 0x000000001b095000 	C:\Program Files\Java\jre1.8.0_151\bin\api-ms-win-crt-math-l1-1-0.dll
0x000000001b0a0000 - 0x000000001b0a5000 	C:\Program Files\Java\jre1.8.0_151\bin\api-ms-win-crt-multibyte-l1-1-0.dll
0x000000001b0b0000 - 0x000000001b0c0000 	C:\Program Files\Java\jre1.8.0_151\bin\api-ms-win-crt-private-l1-1-0.dll
0x000000001b0c0000 - 0x000000001b0c3000 	C:\Program Files\Java\jre1.8.0_151\bin\api-ms-win-crt-process-l1-1-0.dll
0x000000001b0d0000 - 0x000000001b0d4000 	C:\Program Files\Java\jre1.8.0_151\bin\api-ms-win-crt-runtime-l1-1-0.dll
0x000000001b0e0000 - 0x000000001b0e4000 	C:\Program Files\Java\jre1.8.0_151\bin\api-ms-win-crt-stdio-l1-1-0.dll
0x000000001b0f0000 - 0x000000001b0f4000 	C:\Program Files\Java\jre1.8.0_151\bin\api-ms-win-crt-string-l1-1-0.dll
0x000000001b100000 - 0x000000001b103000 	C:\Program Files\Java\jre1.8.0_151\bin\api-ms-win-crt-time-l1-1-0.dll
0x000000001b110000 - 0x000000001b113000 	C:\Program Files\Java\jre1.8.0_151\bin\api-ms-win-crt-utility-l1-1-0.dll
0x00007ffaf89d0000 - 0x00007ffaf8ac6000 	C:\Program Files\Java\jre1.8.0_151\bin\ucrtbase.dll
0x00007ffaf82d0000 - 0x00007ffaf8321000 	C:\Program Files\Java\jre1.8.0_151\bin\concrt140.dll
0x00007ffaf6570000 - 0x00007ffaf660c000 	C:\Program Files\Java\jre1.8.0_151\bin\MSVCP140.dll
0x00007ffafeac0000 - 0x00007ffafead6000 	C:\Program Files\Java\jre1.8.0_151\bin\VCRUNTIME140.dll
0x000000005a170000 - 0x000000005a193000 	C:\Program Files\Java\jre1.8.0_151\bin\prism_d3d.dll
0x00007ffaf83f0000 - 0x00007ffaf8585000 	C:\WINDOWS\system32\d3d9.dll
0x00007ffb0dc60000 - 0x00007ffb0dc8a000 	C:\WINDOWS\SYSTEM32\dwmapi.dll
0x00007ffb0db90000 - 0x00007ffb0dc25000 	C:\WINDOWS\system32\uxtheme.dll
0x00007ffac59e0000 - 0x00007ffac7f1e000 	C:\WINDOWS\SYSTEM32\igdumdim64.dll
0x00007ffb12f20000 - 0x00007ffb12fe5000 	C:\WINDOWS\System32\OLEAUT32.dll
0x00007ffb11170000 - 0x00007ffb112b9000 	C:\WINDOWS\System32\ole32.dll
0x00007ffb13130000 - 0x00007ffb1357e000 	C:\WINDOWS\System32\SETUPAPI.dll
0x0000000059c50000 - 0x0000000059c99000 	C:\Program Files\Java\jre1.8.0_151\bin\glass.dll
0x00007ffb12a00000 - 0x00007ffb12b0a000 	C:\WINDOWS\System32\COMDLG32.dll
0x00007ffb113a0000 - 0x00007ffb11507000 	C:\WINDOWS\System32\MSCTF.dll
0x00007ffb07db0000 - 0x00007ffb087f0000 	C:\WINDOWS\SYSTEM32\igdusc64.dll
0x0000000059c30000 - 0x0000000059c44000 	C:\Program Files\Java\jre1.8.0_151\bin\javafx_font.dll
0x00007ffaf9c70000 - 0x00007ffaf9f7f000 	C:\WINDOWS\SYSTEM32\dwrite.dll
0x00007ffb13580000 - 0x00007ffb1361e000 	C:\WINDOWS\System32\clbcatq.dll
0x00007ffb0a2b0000 - 0x00007ffb0a45b000 	C:\WINDOWS\SYSTEM32\WindowsCodecs.dll
0x00007ffb0daf0000 - 0x00007ffb0db3f000 	C:\WINDOWS\system32\dataexchange.dll
0x00007ffb0c9a0000 - 0x00007ffb0cc82000 	C:\WINDOWS\system32\d3d11.dll
0x00007ffb0d330000 - 0x00007ffb0d472000 	C:\WINDOWS\system32\dcomp.dll
0x00007ffb0e860000 - 0x00007ffb0e90f000 	C:\WINDOWS\system32\dxgi.dll
0x00007ffb0ae10000 - 0x00007ffb0af8b000 	C:\WINDOWS\system32\twinapi.appcore.dll
0x00007ffb0c1a0000 - 0x00007ffb0c1c0000 	C:\WINDOWS\system32\RMCLIENT.dll
0x00007ffb0f560000 - 0x00007ffb0f585000 	C:\WINDOWS\system32\bcrypt.dll
0x00007ffafec30000 - 0x00007ffafec64000 	C:\Program Files\Common Files\Microsoft Shared\Ink\rtscom.dll

VM Arguments:
jvm_args: -Dfile.encoding=Cp1252 
java_command: client.ClientData
java_class_path (initial): C:\Program Files\Java\jre1.8.0_151\lib\resources.jar;C:\Program Files\Java\jre1.8.0_151\lib\rt.jar;C:\Program Files\Java\jre1.8.0_151\lib\jsse.jar;C:\Program Files\Java\jre1.8.0_151\lib\jce.jar;C:\Program Files\Java\jre1.8.0_151\lib\charsets.jar;C:\Program Files\Java\jre1.8.0_151\lib\jfr.jar;C:\Program Files\Java\jre1.8.0_151\lib\ext\access-bridge-64.jar;C:\Program Files\Java\jre1.8.0_151\lib\ext\cldrdata.jar;C:\Program Files\Java\jre1.8.0_151\lib\ext\dnsns.jar;C:\Program Files\Java\jre1.8.0_151\lib\ext\dns_sd.jar;C:\Program Files\Java\jre1.8.0_151\lib\ext\jaccess.jar;C:\Program Files\Java\jre1.8.0_151\lib\ext\jfxrt.jar;C:\Program Files\Java\jre1.8.0_151\lib\ext\localedata.jar;C:\Program Files\Java\jre1.8.0_151\lib\ext\nashorn.jar;C:\Program Files\Java\jre1.8.0_151\lib\ext\sunec.jar;C:\Program Files\Java\jre1.8.0_151\lib\ext\sunjce_provider.jar;C:\Program Files\Java\jre1.8.0_151\lib\ext\sunmscapi.jar;C:\Program Files\Java\jre1.8.0_151\lib\ext\sunpkcs11.jar;C:\Program Files\Java\jre1.8.0_151\lib\ext\zipfs.jar;C:\Users\L10R\git\dbappJan17\OCSF\bin;C:\Users\L10R\git\dbappJan17\jfxrt.jar;C:\Users\L10R\git\dbappJan17\mysql-connector-java-3.1.11-bin.jar
Launcher Type: SUN_STANDARD

Environment Variables:
PATH=C:/Program Files/Java/jre1.8.0_151/bin/server;C:/Program Files/Java/jre1.8.0_151/bin;C:/Program Files/Java/jre1.8.0_151/lib/amd64;C:\ProgramData\Oracle\Java\javapath;C:\WINDOWS\system32;C:\WINDOWS;C:\WINDOWS\System32\Wbem;C:\WINDOWS\System32\WindowsPowerShell\v1.0\;C:\Users\L10R\AppData\Local\Microsoft\WindowsApps;;E:\Microsoft VS Code\bin;E:\Eclipse2\eclipse;
USERNAME=L10R
OS=Windows_NT
PROCESSOR_IDENTIFIER=Intel64 Family 6 Model 61 Stepping 4, GenuineIntel



---------------  S Y S T E M  ---------------

OS: Windows 10.0 , 64 bit Build 16299 (10.0.16299.15)

CPU:total 4 (initial active 4) (2 cores per cpu, 2 threads per core) family 6 model 61 stepping 4, cmov, cx8, fxsr, mmx, sse, sse2, sse3, ssse3, sse4.1, sse4.2, popcnt, avx, avx2, aes, clmul, erms, 3dnowpref, lzcnt, ht, tsc, tscinvbit, bmi1, bmi2, adx

Memory: 4k page, physical 8305600k(1862648k free), swap 11397972k(3736k free)

vm_info: Java HotSpot(TM) 64-Bit Server VM (25.151-b12) for windows-amd64 JRE (1.8.0_151-b12), built on Sep  5 2017 19:33:46 by "java_re" with MS VC++ 10.0 (VS2010)

time: Thu Jan 18 00:45:26 2018
elapsed time: 3 seconds (0d 0h 0m 3s)

